2025-11-13 19:30:03,828 - __main__ - INFO - LiveTalking路径: D:\Projects\See You Again\src\LiveTalking\LiveTalking-main
2025-11-13 19:30:03,829 - __main__ - INFO - 数字人目录: D:\Projects\See You Again\src\LiveTalking\LiveTalking-main\data\avatars
2025-11-13 19:30:03,830 - __main__ - INFO - 训练结果目录: D:\Projects\See You Again\src\LiveTalking\LiveTalking-main\wav2lip\results\avatars
2025-11-13 19:30:03,834 - __main__ - INFO - 发现数字人: wav2lip256_avatar1
2025-11-13 19:30:03,836 - __main__ - INFO - 发现数字人: wav2lip256_avatarHH
2025-11-13 19:30:03,843 - __main__ - INFO - 发现数字人: wav2lip256_avatarMan
2025-11-13 19:30:03,843 - __main__ - INFO - 发现 3 个数字人: ['wav2lip256_avatar1', 'wav2lip256_avatarHH', 'wav2lip256_avatarMan']
2025-11-13 19:30:24,393 - __main__ - INFO - 发现数字人: wav2lip256_avatar1
2025-11-13 19:30:24,393 - __main__ - INFO - 发现数字人: wav2lip256_avatarHH
2025-11-13 19:30:24,393 - __main__ - INFO - 发现数字人: wav2lip256_avatarMan
2025-11-13 19:30:24,458 - __main__ - INFO - 发现数字人: wav2lip256_avatar1
2025-11-13 19:30:24,458 - __main__ - INFO - 发现数字人: wav2lip256_avatarHH
2025-11-13 19:30:24,459 - __main__ - INFO - 发现数字人: wav2lip256_avatarMan
2025-11-13 19:30:24,463 - __main__ - INFO - 发现数字人: wav2lip256_avatar1
2025-11-13 19:30:24,464 - __main__ - INFO - 发现数字人: wav2lip256_avatarHH
2025-11-13 19:30:24,464 - __main__ - INFO - 发现数字人: wav2lip256_avatarMan
2025-11-13 19:30:37,646 - __main__ - INFO - 发现数字人: wav2lip256_avatar1
2025-11-13 19:30:37,647 - __main__ - INFO - 发现数字人: wav2lip256_avatarHH
2025-11-13 19:30:37,647 - __main__ - INFO - 发现数字人: wav2lip256_avatarMan
2025-11-13 19:30:45,690 - __main__ - INFO - 发现数字人: wav2lip256_avatar1
2025-11-13 19:30:45,690 - __main__ - INFO - 发现数字人: wav2lip256_avatarHH
2025-11-13 19:30:45,690 - __main__ - INFO - 发现数字人: wav2lip256_avatarMan
2025-11-13 19:30:47,637 - __main__ - INFO - 发现数字人: wav2lip256_avatar1
2025-11-13 19:30:47,638 - __main__ - INFO - 发现数字人: wav2lip256_avatarHH
2025-11-13 19:30:47,639 - __main__ - INFO - 发现数字人: wav2lip256_avatarMan
2025-11-13 19:30:57,617 - __main__ - INFO - 发现数字人: wav2lip256_avatar1
2025-11-13 19:30:57,618 - __main__ - INFO - 发现数字人: wav2lip256_avatarHH
2025-11-13 19:30:57,618 - __main__ - INFO - 发现数字人: wav2lip256_avatarMan
2025-11-13 19:30:57,627 - __main__ - INFO - 发现数字人: wav2lip256_avatar1
2025-11-13 19:30:57,627 - __main__ - INFO - 发现数字人: wav2lip256_avatarHH
2025-11-13 19:30:57,628 - __main__ - INFO - 发现数字人: wav2lip256_avatarMan
2025-11-13 19:31:07,637 - __main__ - INFO - 发现数字人: wav2lip256_avatar1
2025-11-13 19:31:07,637 - __main__ - INFO - 发现数字人: wav2lip256_avatarHH
2025-11-13 19:31:07,637 - __main__ - INFO - 发现数字人: wav2lip256_avatarMan
2025-11-13 19:31:17,640 - __main__ - INFO - 发现数字人: wav2lip256_avatar1
2025-11-13 19:31:17,641 - __main__ - INFO - 发现数字人: wav2lip256_avatarHH
2025-11-13 19:31:17,641 - __main__ - INFO - 发现数字人: wav2lip256_avatarMan
2025-11-13 19:31:27,631 - __main__ - INFO - 发现数字人: wav2lip256_avatar1
2025-11-13 19:31:27,631 - __main__ - INFO - 发现数字人: wav2lip256_avatarHH
2025-11-13 19:31:27,633 - __main__ - INFO - 发现数字人: wav2lip256_avatarMan
2025-11-13 19:31:27,741 - __main__ - INFO - 发现数字人: wav2lip256_avatar1
2025-11-13 19:31:27,741 - __main__ - INFO - 发现数字人: wav2lip256_avatarHH
2025-11-13 19:31:27,741 - __main__ - INFO - 发现数字人: wav2lip256_avatarMan
2025-11-13 19:31:37,625 - __main__ - INFO - 发现数字人: wav2lip256_avatar1
2025-11-13 19:31:37,626 - __main__ - INFO - 发现数字人: wav2lip256_avatarHH
2025-11-13 19:31:37,626 - __main__ - INFO - 发现数字人: wav2lip256_avatarMan
2025-11-13 19:31:47,942 - __main__ - INFO - 发现数字人: wav2lip256_avatar1
2025-11-13 19:31:47,942 - __main__ - INFO - 发现数字人: wav2lip256_avatarHH
2025-11-13 19:31:47,942 - __main__ - INFO - 发现数字人: wav2lip256_avatarMan
2025-11-13 19:31:57,566 - __main__ - INFO - 发现数字人: wav2lip256_avatar1
2025-11-13 19:31:57,567 - __main__ - INFO - 发现数字人: wav2lip256_avatarHH
2025-11-13 19:31:57,567 - __main__ - INFO - 发现数字人: wav2lip256_avatarMan
2025-11-13 19:31:57,625 - __main__ - INFO - 发现数字人: wav2lip256_avatar1
2025-11-13 19:31:57,626 - __main__ - INFO - 发现数字人: wav2lip256_avatarHH
2025-11-13 19:31:57,626 - __main__ - INFO - 发现数字人: wav2lip256_avatarMan
2025-11-13 19:32:07,959 - __main__ - INFO - 发现数字人: wav2lip256_avatar1
2025-11-13 19:32:07,960 - __main__ - INFO - 发现数字人: wav2lip256_avatarHH
2025-11-13 19:32:07,960 - __main__ - INFO - 发现数字人: wav2lip256_avatarMan
2025-11-13 19:32:17,607 - __main__ - INFO - 发现数字人: wav2lip256_avatar1
2025-11-13 19:32:17,607 - __main__ - INFO - 发现数字人: wav2lip256_avatarHH
2025-11-13 19:32:17,607 - __main__ - INFO - 发现数字人: wav2lip256_avatarMan
2025-11-13 19:32:27,897 - __main__ - INFO - 发现数字人: wav2lip256_avatar1
2025-11-13 19:32:27,898 - __main__ - INFO - 发现数字人: wav2lip256_avatarHH
2025-11-13 19:32:27,898 - __main__ - INFO - 发现数字人: wav2lip256_avatarMan
2025-11-13 19:32:27,901 - __main__ - INFO - 发现数字人: wav2lip256_avatar1
2025-11-13 19:32:27,901 - __main__ - INFO - 发现数字人: wav2lip256_avatarHH
2025-11-13 19:32:27,901 - __main__ - INFO - 发现数字人: wav2lip256_avatarMan
2025-11-13 19:32:36,800 - __main__ - INFO - 发现数字人: wav2lip256_avatar1
2025-11-13 19:32:36,801 - __main__ - INFO - 发现数字人: wav2lip256_avatarHH
2025-11-13 19:32:36,801 - __main__ - INFO - 发现数字人: wav2lip256_avatarMan
2025-11-13 19:32:50,655 - __main__ - INFO - 发现数字人: wav2lip256_avatar1
2025-11-13 19:32:50,656 - __main__ - INFO - 发现数字人: wav2lip256_avatarHH
2025-11-13 19:32:50,656 - __main__ - INFO - 发现数字人: wav2lip256_avatarMan
2025-11-13 19:32:56,368 - __main__ - INFO - 发现数字人: wav2lip256_avatar1
2025-11-13 19:32:56,368 - __main__ - INFO - 发现数字人: wav2lip256_avatarHH
2025-11-13 19:32:56,368 - __main__ - INFO - 发现数字人: wav2lip256_avatarMan
2025-11-13 19:33:00,632 - __main__ - INFO - 发现数字人: wav2lip256_avatar1
2025-11-13 19:33:00,633 - __main__ - INFO - 发现数字人: wav2lip256_avatarHH
2025-11-13 19:33:00,633 - __main__ - INFO - 发现数字人: wav2lip256_avatarMan
2025-11-13 19:33:10,620 - __main__ - INFO - 发现数字人: wav2lip256_avatar1
2025-11-13 19:33:10,621 - __main__ - INFO - 发现数字人: wav2lip256_avatarHH
2025-11-13 19:33:10,621 - __main__ - INFO - 发现数字人: wav2lip256_avatarMan
2025-11-13 19:33:10,633 - __main__ - INFO - 发现数字人: wav2lip256_avatar1
2025-11-13 19:33:10,634 - __main__ - INFO - 发现数字人: wav2lip256_avatarHH
2025-11-13 19:33:10,635 - __main__ - INFO - 发现数字人: wav2lip256_avatarMan
2025-11-13 19:33:20,619 - __main__ - INFO - 发现数字人: wav2lip256_avatar1
2025-11-13 19:33:20,620 - __main__ - INFO - 发现数字人: wav2lip256_avatarHH
2025-11-13 19:33:20,620 - __main__ - INFO - 发现数字人: wav2lip256_avatarMan
2025-11-13 19:33:30,637 - __main__ - INFO - 发现数字人: wav2lip256_avatar1
2025-11-13 19:33:30,640 - __main__ - INFO - 发现数字人: wav2lip256_avatarHH
2025-11-13 19:33:30,640 - __main__ - INFO - 发现数字人: wav2lip256_avatarMan
2025-11-13 19:33:40,616 - __main__ - INFO - 发现数字人: wav2lip256_avatar1
2025-11-13 19:33:40,620 - __main__ - INFO - 发现数字人: wav2lip256_avatarHH
2025-11-13 19:33:40,620 - __main__ - INFO - 发现数字人: wav2lip256_avatarMan
2025-11-13 19:33:40,656 - __main__ - INFO - 发现数字人: wav2lip256_avatar1
2025-11-13 19:33:40,657 - __main__ - INFO - 发现数字人: wav2lip256_avatarHH
2025-11-13 19:33:40,657 - __main__ - INFO - 发现数字人: wav2lip256_avatarMan
2025-11-13 19:33:50,586 - __main__ - INFO - 发现数字人: wav2lip256_avatar1
2025-11-13 19:33:50,587 - __main__ - INFO - 发现数字人: wav2lip256_avatarHH
2025-11-13 19:33:50,587 - __main__ - INFO - 发现数字人: wav2lip256_avatarMan
2025-11-13 19:34:00,920 - __main__ - INFO - 发现数字人: wav2lip256_avatar1
2025-11-13 19:34:00,921 - __main__ - INFO - 发现数字人: wav2lip256_avatarHH
2025-11-13 19:34:00,921 - __main__ - INFO - 发现数字人: wav2lip256_avatarMan
2025-11-13 19:34:10,626 - __main__ - INFO - 发现数字人: wav2lip256_avatar1
2025-11-13 19:34:10,626 - __main__ - INFO - 发现数字人: wav2lip256_avatarHH
2025-11-13 19:34:10,627 - __main__ - INFO - 发现数字人: wav2lip256_avatarMan
2025-11-13 19:34:10,630 - __main__ - INFO - 发现数字人: wav2lip256_avatar1
2025-11-13 19:34:10,630 - __main__ - INFO - 发现数字人: wav2lip256_avatarHH
2025-11-13 19:34:10,631 - __main__ - INFO - 发现数字人: wav2lip256_avatarMan
2025-11-13 19:34:20,938 - __main__ - INFO - 发现数字人: wav2lip256_avatar1
2025-11-13 19:34:20,939 - __main__ - INFO - 发现数字人: wav2lip256_avatarHH
2025-11-13 19:34:20,939 - __main__ - INFO - 发现数字人: wav2lip256_avatarMan
2025-11-13 19:34:30,621 - __main__ - INFO - 发现数字人: wav2lip256_avatar1
2025-11-13 19:34:30,622 - __main__ - INFO - 发现数字人: wav2lip256_avatarHH
2025-11-13 19:34:30,622 - __main__ - INFO - 发现数字人: wav2lip256_avatarMan
2025-11-13 19:34:33,075 - __main__ - INFO - 视频上传成功: uploads\20251113_193433_hhh.mp4
2025-11-13 19:34:33,080 - __main__ - INFO - 音频上传成功: uploads\20251113_193433_man.wav
2025-11-13 19:34:33,082 - __main__ - INFO - 开始训练任务: HHH
2025-11-13 19:34:33,083 - __main__ - INFO - 执行训练: avatar=wav2lip256_HHH
2025-11-13 19:34:33,083 - __main__ - INFO - 训练命令: python genavatar.py --video_path uploads\20251113_193433_hhh.mp4 --img_size 256 --avatar_id wav2lip256_HHH
2025-11-13 19:34:33,083 - __main__ - ERROR - 训练异常: [Errno 2] No such file or directory: 'logs\\train_wav2lip256_HHH_20251113_193433.log'
Traceback (most recent call last):
  File "D:\Projects\See You Again\src\BackEnd\livetalking_backend_v2.py", line 286, in run_training
    with open(log_file, "w", encoding='utf-8') as f:
FileNotFoundError: [Errno 2] No such file or directory: 'logs\\train_wav2lip256_HHH_20251113_193433.log'
2025-11-13 19:34:33,085 - __main__ - INFO - 发现数字人: wav2lip256_avatar1
2025-11-13 19:34:33,085 - __main__ - INFO - 发现数字人: wav2lip256_avatarHH
2025-11-13 19:34:33,085 - __main__ - INFO - 发现数字人: wav2lip256_avatarMan
2025-11-13 19:34:40,929 - __main__ - INFO - 发现数字人: wav2lip256_avatar1
2025-11-13 19:34:40,929 - __main__ - INFO - 发现数字人: wav2lip256_avatarHH
2025-11-13 19:34:40,929 - __main__ - INFO - 发现数字人: wav2lip256_avatarMan
2025-11-13 19:34:40,930 - __main__ - INFO - 发现数字人: wav2lip256_avatar1
2025-11-13 19:34:40,930 - __main__ - INFO - 发现数字人: wav2lip256_avatarHH
2025-11-13 19:34:40,931 - __main__ - INFO - 发现数字人: wav2lip256_avatarMan
2025-11-13 19:34:50,622 - __main__ - INFO - 发现数字人: wav2lip256_avatar1
2025-11-13 19:34:50,623 - __main__ - INFO - 发现数字人: wav2lip256_avatarHH
2025-11-13 19:34:50,623 - __main__ - INFO - 发现数字人: wav2lip256_avatarMan
2025-11-13 19:35:00,641 - __main__ - INFO - 发现数字人: wav2lip256_avatar1
2025-11-13 19:35:00,641 - __main__ - INFO - 发现数字人: wav2lip256_avatarHH
2025-11-13 19:35:00,641 - __main__ - INFO - 发现数字人: wav2lip256_avatarMan
2025-11-13 19:35:10,611 - __main__ - INFO - 发现数字人: wav2lip256_avatar1
2025-11-13 19:35:10,612 - __main__ - INFO - 发现数字人: wav2lip256_avatarHH
2025-11-13 19:35:10,612 - __main__ - INFO - 发现数字人: wav2lip256_avatarMan
2025-11-13 19:35:10,675 - __main__ - INFO - 发现数字人: wav2lip256_avatar1
2025-11-13 19:35:10,676 - __main__ - INFO - 发现数字人: wav2lip256_avatarHH
2025-11-13 19:35:10,676 - __main__ - INFO - 发现数字人: wav2lip256_avatarMan
2025-11-13 19:35:20,634 - __main__ - INFO - 发现数字人: wav2lip256_avatar1
2025-11-13 19:35:20,634 - __main__ - INFO - 发现数字人: wav2lip256_avatarHH
2025-11-13 19:35:20,635 - __main__ - INFO - 发现数字人: wav2lip256_avatarMan
2025-11-13 19:35:26,299 - __main__ - INFO - 视频上传成功: uploads\20251113_193526_hhh.mp4
2025-11-13 19:35:26,306 - __main__ - INFO - 音频上传成功: uploads\20251113_193526_man.wav
2025-11-13 19:35:26,310 - __main__ - INFO - 开始训练任务: HHH
2025-11-13 19:35:26,311 - __main__ - INFO - 执行训练: avatar=wav2lip256_HHH
2025-11-13 19:35:26,311 - __main__ - INFO - 训练命令: python genavatar.py --video_path uploads\20251113_193526_hhh.mp4 --img_size 256 --avatar_id wav2lip256_HHH
2025-11-13 19:35:26,311 - __main__ - ERROR - 训练异常: [Errno 2] No such file or directory: 'logs\\train_wav2lip256_HHH_20251113_193526.log'
Traceback (most recent call last):
  File "D:\Projects\See You Again\src\BackEnd\livetalking_backend_v2.py", line 286, in run_training
    with open(log_file, "w", encoding='utf-8') as f:
FileNotFoundError: [Errno 2] No such file or directory: 'logs\\train_wav2lip256_HHH_20251113_193526.log'
2025-11-13 19:35:26,316 - __main__ - INFO - 发现数字人: wav2lip256_avatar1
2025-11-13 19:35:26,317 - __main__ - INFO - 发现数字人: wav2lip256_avatarHH
2025-11-13 19:35:26,317 - __main__ - INFO - 发现数字人: wav2lip256_avatarMan
2025-11-13 19:35:30,603 - __main__ - INFO - 发现数字人: wav2lip256_avatar1
2025-11-13 19:35:30,604 - __main__ - INFO - 发现数字人: wav2lip256_avatarHH
2025-11-13 19:35:30,605 - __main__ - INFO - 发现数字人: wav2lip256_avatarMan
2025-11-13 19:35:40,622 - __main__ - INFO - 发现数字人: wav2lip256_avatar1
2025-11-13 19:35:40,623 - __main__ - INFO - 发现数字人: wav2lip256_avatarHH
2025-11-13 19:35:40,623 - __main__ - INFO - 发现数字人: wav2lip256_avatarMan
2025-11-13 19:35:40,684 - __main__ - INFO - 发现数字人: wav2lip256_avatar1
2025-11-13 19:35:40,685 - __main__ - INFO - 发现数字人: wav2lip256_avatarHH
2025-11-13 19:35:40,685 - __main__ - INFO - 发现数字人: wav2lip256_avatarMan
2025-11-13 19:35:50,633 - __main__ - INFO - 发现数字人: wav2lip256_avatar1
2025-11-13 19:35:50,633 - __main__ - INFO - 发现数字人: wav2lip256_avatarHH
2025-11-13 19:35:50,634 - __main__ - INFO - 发现数字人: wav2lip256_avatarMan
2025-11-13 19:36:00,939 - __main__ - INFO - 发现数字人: wav2lip256_avatar1
2025-11-13 19:36:00,939 - __main__ - INFO - 发现数字人: wav2lip256_avatarHH
2025-11-13 19:36:00,939 - __main__ - INFO - 发现数字人: wav2lip256_avatarMan
2025-11-13 19:36:10,583 - __main__ - INFO - 发现数字人: wav2lip256_avatar1
2025-11-13 19:36:10,583 - __main__ - INFO - 发现数字人: wav2lip256_avatarHH
2025-11-13 19:36:10,583 - __main__ - INFO - 发现数字人: wav2lip256_avatarMan
2025-11-13 19:36:10,699 - __main__ - INFO - 发现数字人: wav2lip256_avatar1
2025-11-13 19:36:10,699 - __main__ - INFO - 发现数字人: wav2lip256_avatarHH
2025-11-13 19:36:10,699 - __main__ - INFO - 发现数字人: wav2lip256_avatarMan
2025-11-13 19:36:18,500 - __main__ - INFO - 发现数字人: wav2lip256_avatar1
2025-11-13 19:36:18,501 - __main__ - INFO - 发现数字人: wav2lip256_avatarHH
2025-11-13 19:36:18,501 - __main__ - INFO - 发现数字人: wav2lip256_avatarMan
2025-11-13 19:37:17,621 - __main__ - INFO - 发现数字人: wav2lip256_avatar1
2025-11-13 19:37:17,621 - __main__ - INFO - 发现数字人: wav2lip256_avatarHH
2025-11-13 19:37:17,621 - __main__ - INFO - 发现数字人: wav2lip256_avatarMan
2025-11-13 19:37:22,945 - __main__ - INFO - 发现数字人: wav2lip256_avatar1
2025-11-13 19:37:22,945 - __main__ - INFO - 发现数字人: wav2lip256_avatarHH
2025-11-13 19:37:22,945 - __main__ - INFO - 发现数字人: wav2lip256_avatarMan
2025-11-13 19:37:27,608 - __main__ - INFO - 发现数字人: wav2lip256_avatar1
2025-11-13 19:37:27,608 - __main__ - INFO - 发现数字人: wav2lip256_avatarHH
2025-11-13 19:37:27,609 - __main__ - INFO - 发现数字人: wav2lip256_avatarMan
2025-11-13 19:37:27,706 - __main__ - INFO - 发现数字人: wav2lip256_avatar1
2025-11-13 19:37:27,707 - __main__ - INFO - 发现数字人: wav2lip256_avatarHH
2025-11-13 19:37:27,707 - __main__ - INFO - 发现数字人: wav2lip256_avatarMan
2025-11-13 19:37:30,948 - __main__ - INFO - 发现数字人: wav2lip256_avatar1
2025-11-13 19:37:30,948 - __main__ - INFO - 发现数字人: wav2lip256_avatarHH
2025-11-13 19:37:30,948 - __main__ - INFO - 发现数字人: wav2lip256_avatarMan
2025-11-13 21:19:43,558 - __main__ - INFO - 正在关闭所有运行中的进程...
2025-11-13 21:19:43,558 - __main__ - INFO - 所有进程已清理
